<?xml version="1.0" encoding="UTF-8"?>
<!-- Generated by org.testng.reporters.JUnitReportReporter -->
<testsuite hostname="DESKTOP-7AFNIIK" failures="0" tests="1" name="rahulshettyacedamy8.selenium_java.TestClass" time="0.026" errors="0" timestamp="2025-05-27T21:47:29 IST" skipped="0">
  <testcase classname="rahulshettyacedamy8.selenium_java.TestClass" name="method1" time="0.026"/>
</testsuite> <!-- rahulshettyacedamy8.selenium_java.TestClass -->
