<?xml version="1.0" encoding="UTF-8"?>
<!-- Generated by org.testng.reporters.JUnitReportReporter -->
<testsuite hostname="DESKTOP-7AFNIIK" failures="0" tests="1" name="rahulshettyacedamy8.selenium_java.PS1" time="0.035" errors="0" timestamp="2025-06-11T17:50:06 IST" skipped="0">
  <testcase classname="rahulshettyacedamy8.selenium_java.PS1" name="testRun" time="0.035"/>
</testsuite> <!-- rahulshettyacedamy8.selenium_java.PS1 -->
