<?xml version="1.0" encoding="UTF-8"?>
<!-- Generated by org.testng.reporters.JUnitReportReporter -->
<testsuite hostname="DESKTOP-7AFNIIK" failures="0" tests="1" name="rahulshettyacedamy8.selenium_java.TEST1" time="0.013" errors="0" timestamp="2025-06-09T12:11:22 IST" skipped="0">
  <testcase classname="rahulshettyacedamy8.selenium_java.TEST1" name="streamCollect" time="0.013"/>
</testsuite> <!-- rahulshettyacedamy8.selenium_java.TEST1 -->
