<?xml version="1.0" encoding="UTF-8"?>
<!-- Generated by org.testng.reporters.JUnitReportReporter -->
<testsuite hostname="DESKTOP-7AFNIIK" failures="0" tests="1" name="rahulshettyacedamy8.selenium_java.GitTest" time="0.009" errors="0" timestamp="2025-06-21T17:54:10 IST" skipped="0">
  <testcase classname="rahulshettyacedamy8.selenium_java.GitTest" name="test" time="0.009"/>
</testsuite> <!-- rahulshettyacedamy8.selenium_java.GitTest -->
